####################################################################################################
Interval
####################################################################################################
Cumulative:         Cycles:                  20000     Instructions:                  1200
DRAM_PRECHARGE                                               7146                          7146

DRAM_ACTIVATE                                                7154                          7154

DRAM_COLUMN                                                 13346                         13346

DRAM_AVG_LATENCY_BASE                                       13346                         13346

DRAM_AVG_LATENCY                                           591611                       44.3287

BANDWIDTH_TOT                                              854144                        854144

DRAM_CHANNEL0_BANDWIDTH_SATURATED                             652                           652

DRAM_CHANNEL1_BANDWIDTH_SATURATED                             533                           533

DRAM_CHANNEL2_BANDWIDTH_SATURATED                               0                             0

DRAM_CHANNEL3_BANDWIDTH_SATURATED                               0                             0

DRAM_CHANNEL4_BANDWIDTH_SATURATED                               0                             0

DRAM_CHANNEL5_BANDWIDTH_SATURATED                               0                             0

DRAM_CHANNEL6_BANDWIDTH_SATURATED                               0                             0

DRAM_CHANNEL7_BANDWIDTH_SATURATED                               0                             0

DRAM_CHANNEL0_DBUS_IDLE                                   4844723                       4844723

DRAM_CHANNEL1_DBUS_IDLE                                   4847619                       4847619

DRAM_CHANNEL2_DBUS_IDLE                                         0                             0

DRAM_CHANNEL3_DBUS_IDLE                                         0                             0

DRAM_CHANNEL4_DBUS_IDLE                                         0                             0

DRAM_CHANNEL5_DBUS_IDLE                                         0                             0

DRAM_CHANNEL6_DBUS_IDLE                                         0                             0

DRAM_CHANNEL7_DBUS_IDLE                                         0                             0

