####################################################################################################
Interval
####################################################################################################
Cumulative:         Cycles:                  20000     Instructions:                  1200
AVG_MEMORY_LATENCY_BASE                                    406003                        406003

AVG_MEMORY_LATENCY                                       53848089                        132.63

MSHR_FULL                                                       0                             0

TOTAL_MEMORY                                               387672                        387672

TOTAL_MEMORY_MERGE                                         273612                      0.705782

TOTAL_WB                                                    18331                     0.0472848

L1_WB                                                        9917                      0.540996

L2_WB                                                        6065                       0.33086

L3_WB                                                        2349                      0.128144

TOTAL_DRAM                                                  95302                         95302

TOTAL_DRAM_MERGE                                                0                             0

L1_HIT_CPU                                                1872487                       1872487

L1_HIT_GPU                                                      0                             0

L1_MISS_CPU                                                375272                        375272

L1_MISS_GPU                                                     0                             0

L2_HIT_CPU                                                  18129                         18129

L2_HIT_GPU                                                      0                             0

L2_MISS_CPU                                                 96056                         96056

L2_MISS_GPU                                                     0                             0

L3_HIT_CPU                                                   3103                          3103

L3_HIT_GPU                                                      0                             0

L3_MISS_CPU                                                 92953                         92953

L3_MISS_GPU                                                     0                             0

L3_HIT_PROMOTION_CPU                                            0                             0

L3_HIT_PROMOTION_GPU                                            0                             0

FETCH_THREAD_SKIP_LD_WAIT                                       0                             0

FETCH_THREAD_SKIP_BR_WAIT                                       0                             0

FETCH_THREAD_SKIP_SCHED_WAIT                                    0                             0

NUM_MUL_TRANS_CM_TM_DM_INST                                     0                             0

NUM_MUL_TRANS_CM_TM_DM                                          0                           NaN

CONST_CACHE_HIT                                                 0                             0

CONST_CACHE_MISS                                                0                             0

CONST_CACHE_MISS_NO_EXECUTE                                     0                             0

CONST_CACHE_ACCESS                                              0                             0

TEXTURE_CACHE_HIT                                               0                             0

TEXTURE_CACHE_MISS                                              0                             0

TEXTURE_CACHE_NO_EXECUTE                                        0                             0

TEXTURE_CACHE_ACCESS                                            0                             0

SHARED_MEM_INST                                                 0                             0

SHARED_MEM_ACCESS                                               0                             0

CACHE_BANK_BUSY                                             33213                         33213

ICACHE_MISS_TOTAL                                           12400                         12400

TOTAL_CAGE_PERIOD                                               0                             0

TOTAL_CAGE_APPL0                                                0                           NaN

TOTAL_CAGE_APPL1                                                0                           NaN

TOTAL_CAGE_APPL2                                                0                           NaN

TOTAL_CAGE_APPL3                                                0                           NaN

TOTAL_CAGE_APPL4                                                0                           NaN

ABIP_AVG_RATIO_BASE                                             0                             0

ABIP_AVG_RATIO                                                  0                           NaN

TOTAL_WRITE_ACKS                                                0                             0

TOTAL_WRITES                                                    0                             0

NUM_PHYSICAL_PAGES                                              0                             0

COAL_INST                                                       0                          NaN 
UNCOAL_INST                                                     0                          NaN 
                                                                0                           100%

COAL_INST_SINGLE_TRANS                                          0                          NaN 
COAL_INST_MUL_TRANS                                             0                          NaN 
UNCOAL_INST_MUL_TRANS                                           0                          NaN 
                                                                0                           100%

SM_COAL_INST                                                    0                          NaN 
CM_COAL_INST                                                    0                          NaN 
TM_COAL_INST                                                    0                          NaN 
DM_COAL_INST                                                    0                          NaN 
                                                                0                           100%

SM_UNCOAL_INST                                                  0                          NaN 
CM_UNCOAL_INST                                                  0                          NaN 
TM_UNCOAL_INST                                                  0                          NaN 
DM_UNCOAL_INST                                                  0                          NaN 
                                                                0                           100%

SM_COAL_INST_SINGLE_TRANS                                       0                          NaN 
CM_COAL_INST_SINGLE_TRANS                                       0                          NaN 
TM_COAL_INST_SINGLE_TRANS                                       0                          NaN 
DM_COAL_INST_SINGLE_TRANS                                       0                          NaN 
                                                                0                           100%

SM_COAL_INST_MUL_TRANS                                          0                          NaN 
CM_COAL_INST_MUL_TRANS                                          0                          NaN 
TM_COAL_INST_MUL_TRANS                                          0                          NaN 
DM_COAL_INST_MUL_TRANS                                          0                          NaN 
                                                                0                           100%

LD_NO_FORWARD                                             1043336                       83.3329%
FORWARDED_LD                                               208674                       16.6671%
                                                          1252010                           100%

MEM_STALL_CYCLE_CORE_0                                          0                             0

ICACHE_FILL_CORE_0                                          12400                         12400

NUM_WRITE_ACKS_CORE_0                                           0                             0

NUM_WRITES_CORE_0                                               0                             0

ICACHE_HIT_CORE_0                                         1646256                       99.2524%
ICACHE_MISS_CORE_0                                          12400                      0.747593%
                                                          1658656                           100%

MEM_STALL_CYCLE_CORE_1                                          0                             0

ICACHE_FILL_CORE_1                                              0                             0

NUM_WRITE_ACKS_CORE_1                                           0                             0

NUM_WRITES_CORE_1                                               0                             0

ICACHE_HIT_CORE_1                                               0                          NaN 
ICACHE_MISS_CORE_1                                              0                          NaN 
                                                                0                           100%

MEM_STALL_CYCLE_CORE_2                                          0                             0

ICACHE_FILL_CORE_2                                              0                             0

NUM_WRITE_ACKS_CORE_2                                           0                             0

NUM_WRITES_CORE_2                                               0                             0

ICACHE_HIT_CORE_2                                               0                          NaN 
ICACHE_MISS_CORE_2                                              0                          NaN 
                                                                0                           100%

MEM_STALL_CYCLE_CORE_3                                          0                             0

ICACHE_FILL_CORE_3                                              0                             0

NUM_WRITE_ACKS_CORE_3                                           0                             0

NUM_WRITES_CORE_3                                               0                             0

ICACHE_HIT_CORE_3                                               0                          NaN 
ICACHE_MISS_CORE_3                                              0                          NaN 
                                                                0                           100%

