####################################################################################################
Interval
####################################################################################################
Cumulative:         Cycles:                  20000     Instructions:                  1200
AVG_MEMORY_LATENCY_BASE                                    103534                        103534

AVG_MEMORY_LATENCY                                        4388064                       42.3828

MSHR_FULL                                                       0                             0

TOTAL_MEMORY                                                99555                         99555

TOTAL_MEMORY_MERGE                                          45702                      0.459063

TOTAL_WB                                                     3979                     0.0399679

L1_WB                                                        2881                      0.724051

L2_WB                                                         895                      0.224931

L3_WB                                                         203                     0.0510178

TOTAL_DRAM                                                  12818                         12818

TOTAL_DRAM_MERGE                                                0                             0

L1_HIT_CPU                                                2320197                       2320197

L1_HIT_GPU                                                      0                             0

L1_MISS_CPU                                                 99492                         99492

L1_MISS_GPU                                                     0                             0

L2_HIT_CPU                                                  31417                         31417

L2_HIT_GPU                                                      0                             0

L2_MISS_CPU                                                 22955                         22955

L2_MISS_GPU                                                     0                             0

L3_HIT_CPU                                                  10340                         10340

L3_HIT_GPU                                                      0                             0

L3_MISS_CPU                                                 12615                         12615

L3_MISS_GPU                                                     0                             0

L3_HIT_PROMOTION_CPU                                            0                             0

L3_HIT_PROMOTION_GPU                                            0                             0

FETCH_THREAD_SKIP_LD_WAIT                                       0                             0

FETCH_THREAD_SKIP_BR_WAIT                                       0                             0

FETCH_THREAD_SKIP_SCHED_WAIT                                    0                             0

NUM_MUL_TRANS_CM_TM_DM_INST                                     0                             0

NUM_MUL_TRANS_CM_TM_DM                                          0                           NaN

CONST_CACHE_HIT                                                 0                             0

CONST_CACHE_MISS                                                0                             0

CONST_CACHE_MISS_NO_EXECUTE                                     0                             0

CONST_CACHE_ACCESS                                              0                             0

TEXTURE_CACHE_HIT                                               0                             0

TEXTURE_CACHE_MISS                                              0                             0

TEXTURE_CACHE_NO_EXECUTE                                        0                             0

TEXTURE_CACHE_ACCESS                                            0                             0

SHARED_MEM_INST                                                 0                             0

SHARED_MEM_ACCESS                                               0                             0

CACHE_BANK_BUSY                                              1825                          1825

ICACHE_MISS_TOTAL                                              63                            63

TOTAL_CAGE_PERIOD                                               0                             0

TOTAL_CAGE_APPL0                                                0                           NaN

TOTAL_CAGE_APPL1                                                0                           NaN

TOTAL_CAGE_APPL2                                                0                           NaN

TOTAL_CAGE_APPL3                                                0                           NaN

TOTAL_CAGE_APPL4                                                0                           NaN

ABIP_AVG_RATIO_BASE                                             0                             0

ABIP_AVG_RATIO                                                  0                           NaN

TOTAL_WRITE_ACKS                                                0                             0

TOTAL_WRITES                                                    0                             0

NUM_PHYSICAL_PAGES                                              0                             0

COAL_INST                                                       0                          NaN 
UNCOAL_INST                                                     0                          NaN 
                                                                0                           100%

COAL_INST_SINGLE_TRANS                                          0                          NaN 
COAL_INST_MUL_TRANS                                             0                          NaN 
UNCOAL_INST_MUL_TRANS                                           0                          NaN 
                                                                0                           100%

SM_COAL_INST                                                    0                          NaN 
CM_COAL_INST                                                    0                          NaN 
TM_COAL_INST                                                    0                          NaN 
DM_COAL_INST                                                    0                          NaN 
                                                                0                           100%

SM_UNCOAL_INST                                                  0                          NaN 
CM_UNCOAL_INST                                                  0                          NaN 
TM_UNCOAL_INST                                                  0                          NaN 
DM_UNCOAL_INST                                                  0                          NaN 
                                                                0                           100%

SM_COAL_INST_SINGLE_TRANS                                       0                          NaN 
CM_COAL_INST_SINGLE_TRANS                                       0                          NaN 
TM_COAL_INST_SINGLE_TRANS                                       0                          NaN 
DM_COAL_INST_SINGLE_TRANS                                       0                          NaN 
                                                                0                           100%

SM_COAL_INST_MUL_TRANS                                          0                          NaN 
CM_COAL_INST_MUL_TRANS                                          0                          NaN 
TM_COAL_INST_MUL_TRANS                                          0                          NaN 
DM_COAL_INST_MUL_TRANS                                          0                          NaN 
                                                                0                           100%

LD_NO_FORWARD                                             1677732                       90.6495%
FORWARDED_LD                                               173059                       9.35054%
                                                          1850791                           100%

MEM_STALL_CYCLE_CORE_0                                          0                             0

ICACHE_FILL_CORE_0                                             63                            63

NUM_WRITE_ACKS_CORE_0                                           0                             0

NUM_WRITES_CORE_0                                               0                             0

ICACHE_HIT_CORE_0                                         1686764                       99.9963%
ICACHE_MISS_CORE_0                                             63                    0.00373482%
                                                          1686827                           100%

MEM_STALL_CYCLE_CORE_1                                          0                             0

ICACHE_FILL_CORE_1                                              0                             0

NUM_WRITE_ACKS_CORE_1                                           0                             0

NUM_WRITES_CORE_1                                               0                             0

ICACHE_HIT_CORE_1                                               0                          NaN 
ICACHE_MISS_CORE_1                                              0                          NaN 
                                                                0                           100%

MEM_STALL_CYCLE_CORE_2                                          0                             0

ICACHE_FILL_CORE_2                                              0                             0

NUM_WRITE_ACKS_CORE_2                                           0                             0

NUM_WRITES_CORE_2                                               0                             0

ICACHE_HIT_CORE_2                                               0                          NaN 
ICACHE_MISS_CORE_2                                              0                          NaN 
                                                                0                           100%

MEM_STALL_CYCLE_CORE_3                                          0                             0

ICACHE_FILL_CORE_3                                              0                             0

NUM_WRITE_ACKS_CORE_3                                           0                             0

NUM_WRITES_CORE_3                                               0                             0

ICACHE_HIT_CORE_3                                               0                          NaN 
ICACHE_MISS_CORE_3                                              0                          NaN 
                                                                0                           100%

